Determining if the pthread_create exist failed with the following output:
Change Dir: /home/6im2/jpuech/Bureau/jeu/projetOpenGL_IMAC2/joliJeu-build/TP_template/CMakeFiles/CMakeTmp

Run Build Command:"/usr/bin/make" "cmTryCompileExec2395531624/fast"
/usr/bin/make -f CMakeFiles/cmTryCompileExec2395531624.dir/build.make CMakeFiles/cmTryCompileExec2395531624.dir/build
make[1]: Entering directory '/home/6im2/jpuech/Bureau/jeu/projetOpenGL_IMAC2/joliJeu-build/TP_template/CMakeFiles/CMakeTmp'
make[1]: Warning: File 'CMakeFiles/cmTryCompileExec2395531624.dir/progress.make' has modification time 0,015 s in the future
/usr/bin/cmake -E cmake_progress_report /home/6im2/jpuech/Bureau/jeu/projetOpenGL_IMAC2/joliJeu-build/TP_template/CMakeFiles/CMakeTmp/CMakeFiles 1
Building C object CMakeFiles/cmTryCompileExec2395531624.dir/CheckSymbolExists.c.o
/usr/bin/cc    -o CMakeFiles/cmTryCompileExec2395531624.dir/CheckSymbolExists.c.o   -c /home/6im2/jpuech/Bureau/jeu/projetOpenGL_IMAC2/joliJeu-build/TP_template/CMakeFiles/CMakeTmp/CheckSymbolExists.c
Linking C executable cmTryCompileExec2395531624
/usr/bin/cmake -E cmake_link_script CMakeFiles/cmTryCompileExec2395531624.dir/link.txt --verbose=1
/usr/bin/cc       CMakeFiles/cmTryCompileExec2395531624.dir/CheckSymbolExists.c.o  -o cmTryCompileExec2395531624 -rdynamic 
CMakeFiles/cmTryCompileExec2395531624.dir/CheckSymbolExists.c.o: dans la fonction « main »:
CheckSymbolExists.c:(.text+0x16): référence indéfinie vers « pthread_create »
collect2: error: ld returned 1 exit status
CMakeFiles/cmTryCompileExec2395531624.dir/build.make:88: recipe for target 'cmTryCompileExec2395531624' failed
make[1]: Leaving directory '/home/6im2/jpuech/Bureau/jeu/projetOpenGL_IMAC2/joliJeu-build/TP_template/CMakeFiles/CMakeTmp'
make[1]: *** [cmTryCompileExec2395531624] Error 1
Makefile:118: recipe for target 'cmTryCompileExec2395531624/fast' failed
make: *** [cmTryCompileExec2395531624/fast] Error 2

File /home/6im2/jpuech/Bureau/jeu/projetOpenGL_IMAC2/joliJeu-build/TP_template/CMakeFiles/CMakeTmp/CheckSymbolExists.c:
/* */
#include <pthread.h>

int main(int argc, char** argv)
{
  (void)argv;
#ifndef pthread_create
  return ((int*)(&pthread_create))[argc];
#else
  (void)argc;
  return 0;
#endif
}

Determining if the function pthread_create exists in the pthreads failed with the following output:
Change Dir: /home/6im2/jpuech/Bureau/jeu/projetOpenGL_IMAC2/joliJeu-build/TP_template/CMakeFiles/CMakeTmp

Run Build Command:"/usr/bin/make" "cmTryCompileExec1767841689/fast"
/usr/bin/make -f CMakeFiles/cmTryCompileExec1767841689.dir/build.make CMakeFiles/cmTryCompileExec1767841689.dir/build
make[1]: Entering directory '/home/6im2/jpuech/Bureau/jeu/projetOpenGL_IMAC2/joliJeu-build/TP_template/CMakeFiles/CMakeTmp'
make[1]: Warning: File 'CMakeFiles/cmTryCompileExec1767841689.dir/progress.make' has modification time 0,014 s in the future
/usr/bin/cmake -E cmake_progress_report /home/6im2/jpuech/Bureau/jeu/projetOpenGL_IMAC2/joliJeu-build/TP_template/CMakeFiles/CMakeTmp/CMakeFiles 1
Building C object CMakeFiles/cmTryCompileExec1767841689.dir/CheckFunctionExists.c.o
/usr/bin/cc   -DCHECK_FUNCTION_EXISTS=pthread_create   -o CMakeFiles/cmTryCompileExec1767841689.dir/CheckFunctionExists.c.o   -c /usr/share/cmake-3.0/Modules/CheckFunctionExists.c
Linking C executable cmTryCompileExec1767841689
/usr/bin/cmake -E cmake_link_script CMakeFiles/cmTryCompileExec1767841689.dir/link.txt --verbose=1
/usr/bin/cc   -DCHECK_FUNCTION_EXISTS=pthread_create    CMakeFiles/cmTryCompileExec1767841689.dir/CheckFunctionExists.c.o  -o cmTryCompileExec1767841689 -rdynamic -lpthreads 
/usr/bin/ld: ne peut trouver -lpthreads
collect2: error: ld returned 1 exit status
CMakeFiles/cmTryCompileExec1767841689.dir/build.make:88: recipe for target 'cmTryCompileExec1767841689' failed
make[1]: *** [cmTryCompileExec1767841689] Error 1
make[1]: Leaving directory '/home/6im2/jpuech/Bureau/jeu/projetOpenGL_IMAC2/joliJeu-build/TP_template/CMakeFiles/CMakeTmp'
Makefile:118: recipe for target 'cmTryCompileExec1767841689/fast' failed
make: *** [cmTryCompileExec1767841689/fast] Error 2


